0 info it worked if it ends with ok
1 verbose cli [ 'node', '/usr/bin/npm', 'install', 'cylon-intel-iot', '-g' ]
2 info using npm@1.4.28
3 info using node@v0.10.35
4 verbose cache add [ 'cylon-intel-iot', null ]
5 verbose cache add name=undefined spec="cylon-intel-iot" args=["cylon-intel-iot",null]
6 verbose parsed url { protocol: null,
6 verbose parsed url   slashes: null,
6 verbose parsed url   auth: null,
6 verbose parsed url   host: null,
6 verbose parsed url   port: null,
6 verbose parsed url   hostname: null,
6 verbose parsed url   hash: null,
6 verbose parsed url   search: null,
6 verbose parsed url   query: null,
6 verbose parsed url   pathname: 'cylon-intel-iot',
6 verbose parsed url   path: 'cylon-intel-iot',
6 verbose parsed url   href: 'cylon-intel-iot' }
7 silly lockFile 83d74ab8-cylon-intel-iot cylon-intel-iot
8 verbose lock cylon-intel-iot /home/root/.npm/83d74ab8-cylon-intel-iot.lock
9 silly lockFile 83d74ab8-cylon-intel-iot cylon-intel-iot
10 silly lockFile 83d74ab8-cylon-intel-iot cylon-intel-iot
11 verbose addNamed [ 'cylon-intel-iot', '' ]
12 verbose addNamed [ null, '*' ]
13 silly lockFile 3238974c-cylon-intel-iot cylon-intel-iot@
14 verbose lock cylon-intel-iot@ /home/root/.npm/3238974c-cylon-intel-iot.lock
15 silly addNameRange { name: 'cylon-intel-iot', range: '*', hasData: false }
16 verbose request where is /cylon-intel-iot
17 verbose request registry https://registry.npmjs.org/
18 verbose request id c4212fb266629306
19 verbose url raw /cylon-intel-iot
20 verbose url resolving [ 'https://registry.npmjs.org/', './cylon-intel-iot' ]
21 verbose url resolved https://registry.npmjs.org/cylon-intel-iot
22 verbose request where is https://registry.npmjs.org/cylon-intel-iot
23 info trying registry request attempt 1 at 14:34:56
24 http GET https://registry.npmjs.org/cylon-intel-iot
25 info retry will retry, error on last attempt: Error: getaddrinfo ENOTFOUND
26 info trying registry request attempt 2 at 14:35:07
27 http GET https://registry.npmjs.org/cylon-intel-iot
28 info retry will retry, error on last attempt: Error: getaddrinfo ENOTFOUND
29 info trying registry request attempt 3 at 14:36:07
30 http GET https://registry.npmjs.org/cylon-intel-iot
31 silly lockFile 3238974c-cylon-intel-iot cylon-intel-iot@
32 silly lockFile 3238974c-cylon-intel-iot cylon-intel-iot@
33 error network getaddrinfo ENOTFOUND
33 error network This is most likely not a problem with npm itself
33 error network and is related to network connectivity.
33 error network In most cases you are behind a proxy or have bad network settings.
33 error network
33 error network If you are behind a proxy, please make sure that the
33 error network 'proxy' config is set properly.  See: 'npm help config'
34 error System Linux 3.10.17-poky-edison+
35 error command "node" "/usr/bin/npm" "install" "cylon-intel-iot" "-g"
36 error cwd /home/root/hellonode
37 error node -v v0.10.35
38 error npm -v 1.4.28
39 error syscall getaddrinfo
40 error code ENOTFOUND
41 error errno ENOTFOUND
42 verbose exit [ 1, true ]
